<?xml version="1.0" encoding="UTF-8"?>
<!-- Generated by org.testng.reporters.JUnitXMLReporter -->
<testsuite hostname="Krishna-Godse.local" name="Bid.TC003_inSufficientStars" tests="2" failures="0" timestamp="7 Jun 2018 09:43:40 GMT" time="846.077" errors="0">
  <testcase name="@BeforeTest setUp" time="0.0" classname="Bid.TC003_inSufficientStars">
    <failure type="org.openqa.selenium.WebDriverException" message="An unknown server-side error occurred while processing the command. Original error: Cannot start the &amp;apos;in.interactive.luckystars&amp;apos; application. Original error: Could not get focusPackageAndActivity. Original error: No device connected, cannot run adb shell command &amp;apos;dumpsys window windows&amp;apos; (WARNING: The server did not provide any stacktrace information)
Command duration or timeout: 845.31 seconds
Build info: version: &amp;apos;2.53.1&amp;apos;, revision: &amp;apos;a36b8b1cd5757287168e54b817830adce9b0158d&amp;apos;, time: &amp;apos;2016-06-30 19:26:09&amp;apos;
System info: host: &amp;apos;Krishna-Godse.local&amp;apos;, ip: &amp;apos;192.168.0.77&amp;apos;, os.name: &amp;apos;Mac OS X&amp;apos;, os.arch: &amp;apos;x86_64&amp;apos;, os.version: &amp;apos;10.12.6&amp;apos;, java.version: &amp;apos;1.8.0_92&amp;apos;
Driver info: io.appium.java_client.android.AndroidDriver">
      <![CDATA[org.openqa.selenium.WebDriverException: An unknown server-side error occurred while processing the command. Original error: Cannot start the 'in.interactive.luckystars' application. Original error: Could not get focusPackageAndActivity. Original error: No device connected, cannot run adb shell command 'dumpsys window windows' (WARNING: The server did not provide any stacktrace information)
Command duration or timeout: 845.31 seconds
Build info: version: '2.53.1', revision: 'a36b8b1cd5757287168e54b817830adce9b0158d', time: '2016-06-30 19:26:09'
System info: host: 'Krishna-Godse.local', ip: '192.168.0.77', os.name: 'Mac OS X', os.arch: 'x86_64', os.version: '10.12.6', java.version: '1.8.0_92'
Driver info: io.appium.java_client.android.AndroidDriver
	at org.openqa.selenium.remote.ErrorHandler.createThrowable(ErrorHandler.java:206)
	at org.openqa.selenium.remote.ErrorHandler.throwIfResponseFailed(ErrorHandler.java:158)
	at org.openqa.selenium.remote.RemoteWebDriver.execute(RemoteWebDriver.java:678)
	at io.appium.java_client.AppiumDriver.execute(AppiumDriver.java:180)
	at org.openqa.selenium.remote.RemoteWebDriver.startSession(RemoteWebDriver.java:249)
	at org.openqa.selenium.remote.RemoteWebDriver.<init>(RemoteWebDriver.java:131)
	at org.openqa.selenium.remote.RemoteWebDriver.<init>(RemoteWebDriver.java:158)
	at io.appium.java_client.AppiumDriver.<init>(AppiumDriver.java:109)
	at io.appium.java_client.android.AndroidDriver.<init>(AndroidDriver.java:39)
	at config.basek.precondition(basek.java:46)
	at Bid.TC003_inSufficientStars.setUp(TC003_inSufficientStars.java:43)
... Removed 26 stack frames]]>
    </failure>
  </testcase> <!-- @BeforeTest setUp -->
  <testcase name="@AfterTest quit" time="0.0" classname="Bid.TC003_inSufficientStars">
    <skipped/>
  </testcase> <!-- @AfterTest quit -->
  <testcase name="signIn" time="0.002" classname="Bid.TC003_inSufficientStars">
    <skipped/>
  </testcase> <!-- signIn -->
  <testcase name="inSufficientCoins" time="0.001" classname="Bid.TC003_inSufficientStars">
    <skipped/>
  </testcase> <!-- inSufficientCoins -->
</testsuite> <!-- Bid.TC003_inSufficientStars -->
